<?xml version="1.0" encoding="UTF-8"?>
<testsuite xmlns:xsi="http://www.w3.org/2001/XMLSchema-instance" xsi:noNamespaceSchemaLocation="https://maven.apache.org/surefire/maven-surefire-plugin/xsd/surefire-test-report-3.0.xsd" version="3.0" name="com.biblioteca.BibliotecaApplicationTests" time="8.025" tests="11" errors="0" skipped="0" failures="0">
  <properties>
[...]
</properties>
  <testcase name="deveCriarProfessorViaFactory" classname="com.biblioteca.BibliotecaApplicationTests" time="0.699">
    <system-out><![CDATA[23:14:45.535 [main] INFO org.springframework.test.context.support.AnnotationConfigContextLoaderUtils -- Could not detect default configuration classes for test class [com.biblioteca.BibliotecaApplicationTests]: BibliotecaApplicationTests does not declare any static, non-private, non-final, nested classes annotated with @Configuration.
23:14:45.671 [main] INFO org.springframework.boot.test.context.SpringBootTestContextBootstrapper -- Found @SpringBootConfiguration com.biblioteca.BibliotecaApplication for test class com.biblioteca.BibliotecaApplicationTests

  .   ____          _            __ _ _
 /\\ / ___'_ __ _ _(_)_ __  __ _ \ \ \ \
( ( )\___ | '_ | '_| | '_ \/ _` | \ \ \ \
 \\/  ___)| |_)| | | | | || (_| |  ) ) ) )
  '  |____| .__|_| |_|_| |_\__, | / / / /
 =========|_|==============|___/=/_/_/_/
 :: Spring Boot ::                (v3.2.3)

2026-03-27T23:14:46.157-03:00  INFO 4004 --- [biblioteca-digital] [           main] c.biblioteca.BibliotecaApplicationTests  : Starting BibliotecaApplicationTests using Java 21.0.6 with PID 4004 (started by games in C:\Users\games\Desktop\Bibliotech\biblioteca-backend)
2026-03-27T23:14:46.157-03:00 DEBUG 4004 --- [biblioteca-digital] [           main] c.biblioteca.BibliotecaApplicationTests  : Running with Spring Boot v3.2.3, Spring v6.1.4
2026-03-27T23:14:46.157-03:00  INFO 4004 --- [biblioteca-digital] [           main] c.biblioteca.BibliotecaApplicationTests  : No active profile set, falling back to 1 default profile: "default"
2026-03-27T23:14:47.112-03:00  INFO 4004 --- [biblioteca-digital] [           main] .s.d.r.c.RepositoryConfigurationDelegate : Bootstrapping Spring Data JPA repositories in DEFAULT mode.
2026-03-27T23:14:47.238-03:00  INFO 4004 --- [biblioteca-digital] [           main] .s.d.r.c.RepositoryConfigurationDelegate : Finished Spring Data repository scanning in 109 ms. Found 6 JPA repository interfaces.
2026-03-27T23:14:47.879-03:00  INFO 4004 --- [biblioteca-digital] [           main] o.hibernate.jpa.internal.util.LogHelper  : HHH000204: Processing PersistenceUnitInfo [name: default]
2026-03-27T23:14:48.035-03:00  INFO 4004 --- [biblioteca-digital] [           main] org.hibernate.Version                    : HHH000412: Hibernate ORM core version 6.4.4.Final
2026-03-27T23:14:48.069-03:00  INFO 4004 --- [biblioteca-digital] [           main] o.h.c.internal.RegionFactoryInitiator    : HHH000026: Second-level cache disabled
2026-03-27T23:14:48.435-03:00  INFO 4004 --- [biblioteca-digital] [           main] o.s.o.j.p.SpringPersistenceUnitInfo      : No LoadTimeWeaver setup: ignoring JPA class transformer
2026-03-27T23:14:48.470-03:00  INFO 4004 --- [biblioteca-digital] [           main] com.zaxxer.hikari.HikariDataSource       : HikariPool-1 - Starting...
2026-03-27T23:14:48.702-03:00  INFO 4004 --- [biblioteca-digital] [           main] com.zaxxer.hikari.pool.HikariPool        : HikariPool-1 - Added connection conn0: url=jdbc:h2:mem:bibliotecadb user=SA
2026-03-27T23:14:48.704-03:00  INFO 4004 --- [biblioteca-digital] [           main] com.zaxxer.hikari.HikariDataSource       : HikariPool-1 - Start completed.
2026-03-27T23:14:48.727-03:00  WARN 4004 --- [biblioteca-digital] [           main] org.hibernate.orm.deprecation            : HHH90000025: H2Dialect does not need to be specified explicitly using 'hibernate.dialect' (remove the property setting and it will be selected by default)
2026-03-27T23:14:49.889-03:00  INFO 4004 --- [biblioteca-digital] [           main] o.h.e.t.j.p.i.JtaPlatformInitiator       : HHH000489: No JTA platform available (set 'hibernate.transaction.jta.platform' to enable JTA platform integration)
2026-03-27T23:14:49.961-03:00  INFO 4004 --- [biblioteca-digital] [           main] j.LocalContainerEntityManagerFactoryBean : Initialized JPA EntityManagerFactory for persistence unit 'default'
2026-03-27T23:14:50.353-03:00  INFO 4004 --- [biblioteca-digital] [           main] o.s.d.j.r.query.QueryEnhancerFactory     : Hibernate is in classpath; If applicable, HQL parser will be used.
2026-03-27T23:14:51.376-03:00  WARN 4004 --- [biblioteca-digital] [           main] JpaBaseConfiguration$JpaWebConfiguration : spring.jpa.open-in-view is enabled by default. Therefore, database queries may be performed during view rendering. Explicitly configure spring.jpa.open-in-view to disable this warning
2026-03-27T23:14:51.719-03:00  INFO 4004 --- [biblioteca-digital] [           main] o.s.b.a.h2.H2ConsoleAutoConfiguration    : H2 console available at '/h2-console'. Database available at 'jdbc:h2:mem:bibliotecadb'
2026-03-27T23:14:51.783-03:00  INFO 4004 --- [biblioteca-digital] [           main] c.biblioteca.BibliotecaApplicationTests  : Started BibliotecaApplicationTests in 5.96 seconds (process running for 7.066)
2026-03-27T23:14:51.786-03:00  INFO 4004 --- [biblioteca-digital] [           main] com.biblioteca.config.DataSeeder         : Iniciando carga de dados iniciais...
2026-03-27T23:14:51.880-03:00 DEBUG 4004 --- [biblioteca-digital] [           main] com.biblioteca.config.DataSeeder         : 8 livros inseridos.
2026-03-27T23:14:52.283-03:00 DEBUG 4004 --- [biblioteca-digital] [           main] com.biblioteca.config.DataSeeder         : 6 usuários inseridos.
2026-03-27T23:14:52.432-03:00 DEBUG 4004 --- [biblioteca-digital] [           main] com.biblioteca.config.DataSeeder         : 5 empréstimos inseridos.
2026-03-27T23:14:52.444-03:00 DEBUG 4004 --- [biblioteca-digital] [           main] com.biblioteca.config.DataSeeder         : 3 reservas inseridas.
2026-03-27T23:14:52.449-03:00 DEBUG 4004 --- [biblioteca-digital] [           main] com.biblioteca.config.DataSeeder         : 4 notificações inseridas.
2026-03-27T23:14:52.449-03:00  INFO 4004 --- [biblioteca-digital] [           main] com.biblioteca.config.DataSeeder         : Dados iniciais carregados com sucesso.
2026-03-27T23:14:53.095-03:00  INFO 4004 --- [biblioteca-digital] [           main] com.biblioteca.service.UserService       : Usuário criado via Factory: id=7, tipo=PROFESSOR
]]></system-out>
    <system-err><![CDATA[WARNING: A Java agent has been loaded dynamically (C:\Users\games\.m2\repository\net\bytebuddy\byte-buddy-agent\1.14.12\byte-buddy-agent-1.14.12.jar)
WARNING: If a serviceability tool is in use, please run with -XX:+EnableDynamicAgentLoading to hide this warning
WARNING: If a serviceability tool is not in use, please run with -Djdk.instrument.traceUsage for more information
WARNING: Dynamic loading of agents will be disallowed by default in a future release
]]></system-err>
  </testcase>
  <testcase name="deveAtualizarAtrasadosViaIterator" classname="com.biblioteca.BibliotecaApplicationTests" time="0.036">
    <system-out><![CDATA[2026-03-27T23:14:53.179-03:00  INFO 4004 --- [biblioteca-digital] [           main] com.biblioteca.service.LoanService       : 3 empréstimo(s) marcado(s) como ATRASADO.
]]></system-out>
  </testcase>
  <testcase name="deveListarTodosLivros" classname="com.biblioteca.BibliotecaApplicationTests" time="0.007"/>
  <testcase name="deveCriarAlunoViaFactory" classname="com.biblioteca.BibliotecaApplicationTests" time="0.071">
    <system-out><![CDATA[2026-03-27T23:14:53.264-03:00  INFO 4004 --- [biblioteca-digital] [           main] com.biblioteca.service.UserService       : Usuário criado via Factory: id=8, tipo=ALUNO
]]></system-out>
  </testcase>
  <testcase name="deveListarEmprestimosPorStatus" classname="com.biblioteca.BibliotecaApplicationTests" time="0.013"/>
  <testcase name="naoDeveCriarUsuarioEmailDuplicado" classname="com.biblioteca.BibliotecaApplicationTests" time="0.009"/>
  <testcase name="deveCriarLivro" classname="com.biblioteca.BibliotecaApplicationTests" time="0.011">
    <system-out><![CDATA[2026-03-27T23:14:53.309-03:00  INFO 4004 --- [biblioteca-digital] [           main] com.biblioteca.service.BookService       : Livro criado: id=9, isbn=978-00-000-0001-1
]]></system-out>
  </testcase>
  <testcase name="naoDeveCriarLivroIsbnDuplicado" classname="com.biblioteca.BibliotecaApplicationTests" time="0.008"/>
  <testcase name="contextLoads" classname="com.biblioteca.BibliotecaApplicationTests" time="0.004"/>
  <testcase name="deveBuscarLivrosDisponiveisViaIterator" classname="com.biblioteca.BibliotecaApplicationTests" time="0.007"/>
  <testcase name="deveContarNaoLidas" classname="com.biblioteca.BibliotecaApplicationTests" time="0.005"/>
</testsuite>